Release 10.1 Map K.39 (nt)
Xilinx Mapping Report File for Design 'Complete_MIPS'

Design Information
------------------
Command Line   : map -ise Z:/Desktop/7ASynth/7aSynth/MIPS_CPU.ise -intstyle ise
-p xc3s500e-fg320-5 -cm area -pr off -k 4 -c 100 -o Complete_MIPS_map.ncd
Complete_MIPS.ngd Complete_MIPS.pcf 
Target Device  : xc3s500e
Target Package : fg320
Target Speed   : -5
Mapper Version : spartan3e -- $Revision: 1.46.12.2 $
Mapped Date    : Fri May 03 18:44:00 2013

Design Summary
--------------
Number of errors:      0
Number of warnings:    0
Logic Utilization:
  Number of Slice Flip Flops:         1,530 out of   9,312   16%
  Number of 4 input LUTs:             2,472 out of   9,312   26%
Logic Distribution:
  Number of occupied Slices:          1,928 out of   4,656   41%
    Number of Slices containing only related logic:   1,928 out of   1,928 100%
    Number of Slices containing unrelated logic:          0 out of   1,928   0%
      *See NOTES below for an explanation of the effects of unrelated logic.
  Total Number of 4 input LUTs:       2,594 out of   9,312   27%
    Number used as logic:             2,451
    Number used as a route-thru:        122
    Number used as Shift registers:      21
  Number of bonded IOBs:                 17 out of     232    7%
  Number of RAMB16s:                      1 out of      20    5%
  Number of BUFGMUXs:                     1 out of      24    4%
  Number of MULT18X18SIOs:                4 out of      20   20%

Peak Memory Usage:  209 MB
Total REAL time to MAP completion:  8 secs 
Total CPU time to MAP completion:   5 secs 

NOTES:

   Related logic is defined as being logic that shares connectivity - e.g. two
   LUTs are "related" if they share common inputs.  When assembling slices,
   Map gives priority to combine logic that is related.  Doing so results in
   the best timing performance.

   Unrelated logic shares no connectivity.  Map will only begin packing
   unrelated logic into a slice once 99% of the slices are occupied through
   related logic packing.

   Note that once logic distribution reaches the 99% level through related
   logic packing, this does not mean the device is completely utilized.
   Unrelated logic packing will then begin, continuing until all usable LUTs
   and FFs are occupied.  Depending on your timing budget, increased levels of
   unrelated logic packing may adversely affect the overall timing performance
   of your design.

Table of Contents
-----------------
Section 1 - Errors
Section 2 - Warnings
Section 3 - Informational
Section 4 - Removed Logic Summary
Section 5 - Removed Logic
Section 6 - IOB Properties
Section 7 - RPMs
Section 8 - Guide Report
Section 9 - Area Group and Partition Summary
Section 10 - Modular Design Summary
Section 11 - Timing Report
Section 12 - Configuration String Information
Section 13 - Control Set Information
Section 14 - Utilization by Hierarchy

Section 1 - Errors
------------------

Section 2 - Warnings
--------------------

Section 3 - Informational
-------------------------
INFO:MapLib:562 - No environment variables are currently set.
INFO:LIT:244 - All of the single ended outputs in this design are using slew
   rate limited output drivers. The delay on speed critical single ended outputs
   can be dramatically reduced by designating them as fast outputs.

Section 4 - Removed Logic Summary
---------------------------------
  23 block(s) optimized away

Section 5 - Removed Logic
-------------------------

Optimized Block(s):
TYPE 		BLOCK
GND 		XST_GND
VCC 		XST_VCC

To enable printing of redundant blocks removed and signals merged, set the
detailed map report option and rerun map.

Section 6 - IOB Properties
--------------------------

+-------------------------------------------------------------------------------------------------------------------------------------------------+
| IOB Name                           | Type             | Direction | IO Standard          | Drive    | Slew | Reg (s)      | Resistor | IOB      |
|                                    |                  |           |                      | Strength | Rate |              |          | Delay    |
+-------------------------------------------------------------------------------------------------------------------------------------------------+
| BTN2<0>                            | IBUF             | INPUT     | LVCMOS25             |          |      |              |          | 0 / 0    |
| BTN2<1>                            | IBUF             | INPUT     | LVCMOS25             |          |      |              |          | 0 / 0    |
| CLK                                | IBUF             | INPUT     | LVCMOS25             |          |      |              |          | 0 / 0    |
| SW<0>                              | IBUF             | INPUT     | LVCMOS25             |          |      |              |          | 0 / 0    |
| SW<1>                              | IBUF             | INPUT     | LVCMOS25             |          |      |              |          | 0 / 0    |
| SW<2>                              | IBUF             | INPUT     | LVCMOS25             |          |      |              |          | 0 / 0    |
| Seven_Seg<0>                       | IOB              | OUTPUT    | LVCMOS25             | 12       | SLOW |              |          | 0 / 0    |
| Seven_Seg<1>                       | IOB              | OUTPUT    | LVCMOS25             | 12       | SLOW |              |          | 0 / 0    |
| Seven_Seg<2>                       | IOB              | OUTPUT    | LVCMOS25             | 12       | SLOW |              |          | 0 / 0    |
| Seven_Seg<3>                       | IOB              | OUTPUT    | LVCMOS25             | 12       | SLOW |              |          | 0 / 0    |
| Seven_Seg<4>                       | IOB              | OUTPUT    | LVCMOS25             | 12       | SLOW |              |          | 0 / 0    |
| Seven_Seg<5>                       | IOB              | OUTPUT    | LVCMOS25             | 12       | SLOW |              |          | 0 / 0    |
| Seven_Seg<6>                       | IOB              | OUTPUT    | LVCMOS25             | 12       | SLOW |              |          | 0 / 0    |
| dFourEn1                           | IOB              | OUTPUT    | LVCMOS25             | 12       | SLOW |              |          | 0 / 0    |
| dOneEn1                            | IOB              | OUTPUT    | LVCMOS25             | 12       | SLOW |              |          | 0 / 0    |
| dThreeEn1                          | IOB              | OUTPUT    | LVCMOS25             | 12       | SLOW |              |          | 0 / 0    |
| dTwoEn1                            | IOB              | OUTPUT    | LVCMOS25             | 12       | SLOW |              |          | 0 / 0    |
+-------------------------------------------------------------------------------------------------------------------------------------------------+

Section 7 - RPMs
----------------

Section 8 - Guide Report
------------------------
Guide not run on this design.

Section 9 - Area Group and Partition Summary
--------------------------------------------

Partition Implementation Status
-------------------------------

  No Partitions were found in this design.

-------------------------------

Area Group Information
----------------------

  No area groups were found in this design.

----------------------

Section 10 - Modular Design Summary
-----------------------------------
Modular Design not used for this design.

Section 11 - Timing Report
--------------------------
This design was not run using timing mode.

Section 12 - Configuration String Details
-----------------------------------------
Use the "-detail" map option to print out Configuration Strings

Section 13 - Control Set Information
------------------------------------
No control set information for this architecture.

Section 14 - Utilization by Hierarchy
-------------------------------------
+-------------------------------------------------------------------------------------------------------------------------------------------------------------------------------------+
| Module             | Partition | Slices        | Slice Reg     | LUTs          | LUTRAM        | BRAM      | MULT18X18 | BUFG  | DCM   | Full Hierarchical Name                     |
+-------------------------------------------------------------------------------------------------------------------------------------------------------------------------------------+
| Complete_MIPS/     |           | 733/2146      | 0/1530        | 1338/2594     | 0/21          | 0/1       | 0/0       | 1/1   | 0/0   | Complete_MIPS                              |
| +CPU               |           | 739/1386      | 376/1492      | 1136/1243     | 21/21         | 0/0       | 0/0       | 0/0   | 0/0   | Complete_MIPS/CPU                          |
| ++reg1             |           | 599/647       | 1075/1116     | 55/107        | 0/0           | 0/0       | 0/0       | 0/0   | 0/0   | Complete_MIPS/CPU/reg1                     |
| +++conv1           |           | 13/48         | 13/41         | 16/52         | 0/0           | 0/0       | 0/0       | 0/0   | 0/0   | Complete_MIPS/CPU/reg1/conv1               |
| ++++cd1            |           | 19/19         | 28/28         | 8/8           | 0/0           | 0/0       | 0/0       | 0/0   | 0/0   | Complete_MIPS/CPU/reg1/conv1/cd1           |
| ++++sev_seg_conv1  |           | 4/4           | 0/0           | 7/7           | 0/0           | 0/0       | 0/0       | 0/0   | 0/0   | Complete_MIPS/CPU/reg1/conv1/sev_seg_conv1 |
| ++++sev_seg_conv2  |           | 4/4           | 0/0           | 7/7           | 0/0           | 0/0       | 0/0       | 0/0   | 0/0   | Complete_MIPS/CPU/reg1/conv1/sev_seg_conv2 |
| ++++sev_seg_conv3  |           | 4/4           | 0/0           | 7/7           | 0/0           | 0/0       | 0/0       | 0/0   | 0/0   | Complete_MIPS/CPU/reg1/conv1/sev_seg_conv3 |
| ++++sev_seg_conv4  |           | 4/4           | 0/0           | 7/7           | 0/0           | 0/0       | 0/0       | 0/0   | 0/0   | Complete_MIPS/CPU/reg1/conv1/sev_seg_conv4 |
| +MEM               |           | 1/1           | 0/0           | 1/1           | 0/0           | 1/1       | 0/0       | 0/0   | 0/0   | Complete_MIPS/MEM                          |
| +db0               |           | 13/13         | 19/19         | 6/6           | 0/0           | 0/0       | 0/0       | 0/0   | 0/0   | Complete_MIPS/db0                          |
| +db1               |           | 13/13         | 19/19         | 6/6           | 0/0           | 0/0       | 0/0       | 0/0   | 0/0   | Complete_MIPS/db1                          |
+-------------------------------------------------------------------------------------------------------------------------------------------------------------------------------------+

* Slices can be packed with basic elements from multiple hierarchies.
  Therefore, a slice will be counted in every hierarchical module
  that each of its packed basic elements belong to.
** For each column, there are two numbers reported <A>/<B>.
   <A> is the number of elements that belong to that specific hierarchical module.
   <B> is the total number of elements from that hierarchical module and any lower level
   hierarchical modules below.
*** The LUTRAM column counts all LUTs used as memory including RAM, ROM, and shift registers.
